<?xml version="1.0" encoding="UTF-8"?>
<!-- Generated by org.testng.reporters.JUnitReportReporter -->
<testsuite hostname="DESKTOP-EKB6DBD" failures="0" tests="1" name="com.actitime.testscripts.VerifyTitle" time="27.117" errors="0" timestamp="2021-12-05T23:53:01 IST" skipped="0">
  <testcase classname="com.actitime.testscripts.VerifyTitle" name="testVerifyTitle" time="27.117"/>
  <system-out/>
</testsuite> <!-- com.actitime.testscripts.VerifyTitle -->
