<?xml version="1.0" encoding="UTF-8"?>
<!-- Generated by org.testng.reporters.JUnitReportReporter -->
<testsuite hostname="DESKTOP-EKB6DBD" failures="0" tests="5" name="com.actitime.testscripts.Demo" time="0.014" errors="0" timestamp="2021-12-05T23:53:01 IST" skipped="0">
  <testcase classname="com.actitime.testscripts.Demo" name="createCustomer" time="0.001"/>
  <system-out>
    <![CDATA[hi]]>
  </system-out>
  <testcase classname="com.actitime.testscripts.Demo" name="createCustomer" time="0.009"/>
  <system-out>
    <![CDATA[hi]]>
  </system-out>
  <testcase classname="com.actitime.testscripts.Demo" name="createCustomer" time="0.001"/>
  <system-out>
    <![CDATA[hi]]>
  </system-out>
  <testcase classname="com.actitime.testscripts.Demo" name="modifyCustomer" time="0.001"/>
  <system-out>
    <![CDATA[hello]]>
  </system-out>
  <testcase classname="com.actitime.testscripts.Demo" name="deleteCustomer" time="0.002"/>
  <system-out>
    <![CDATA[bye]]>
  </system-out>
</testsuite> <!-- com.actitime.testscripts.Demo -->
