<?xml version="1.0" encoding="UTF-8"?>
<!-- Generated by org.testng.reporters.JUnitReportReporter -->
<testsuite hostname="DESKTOP-EKB6DBD" failures="0" tests="5" name="com.actitime.testscripts.ProjectModule" time="0.010" errors="0" timestamp="2021-12-05T23:53:02 IST" skipped="0">
  <testcase classname="com.actitime.testscripts.ProjectModule" name="createProject" time="0.001"/>
  <system-out>
    <![CDATA[Project created]]>
  </system-out>
  <testcase classname="com.actitime.testscripts.ProjectModule" name="createProject" time="0.002"/>
  <system-out>
    <![CDATA[Project created]]>
  </system-out>
  <testcase classname="com.actitime.testscripts.ProjectModule" name="createProject" time="0.002"/>
  <system-out>
    <![CDATA[Project created]]>
  </system-out>
  <testcase classname="com.actitime.testscripts.ProjectModule" name="modifyProject" time="0.003"/>
  <system-out>
    <![CDATA[Project modified]]>
  </system-out>
  <testcase classname="com.actitime.testscripts.ProjectModule" name="deleteProject" time="0.002"/>
  <system-out>
    <![CDATA[Project deleted]]>
  </system-out>
</testsuite> <!-- com.actitime.testscripts.ProjectModule -->
