<?xml version="1.0" encoding="UTF-8"?>
<!-- Generated by org.testng.reporters.JUnitReportReporter -->
<testsuite hostname="DESKTOP-EKB6DBD" failures="0" tests="1" name="qsp.ScreenShot" time="7.788" errors="0" timestamp="2021-12-07T16:01:58 IST" skipped="0">
  <testcase classname="qsp.ScreenShot" name="testScreenShot" time="7.788"/>
  <system-out/>
</testsuite> <!-- qsp.ScreenShot -->
